c:\users\daniel\desktop\game programming projects\project 5\debug\vc142.pdb
c:\users\daniel\desktop\game programming projects\project 5\debug\vc142.idb
c:\users\daniel\desktop\game programming projects\project 5\debug\util.obj
c:\users\daniel\desktop\game programming projects\project 5\debug\shaderprogram.obj
c:\users\daniel\desktop\game programming projects\project 5\debug\scene.obj
c:\users\daniel\desktop\game programming projects\project 5\debug\map.obj
c:\users\daniel\desktop\game programming projects\project 5\debug\mainmenu.obj
c:\users\daniel\desktop\game programming projects\project 5\debug\main.obj
c:\users\daniel\desktop\game programming projects\project 5\debug\level3.obj
c:\users\daniel\desktop\game programming projects\project 5\debug\level2.obj
c:\users\daniel\desktop\game programming projects\project 5\debug\level1.obj
c:\users\daniel\desktop\game programming projects\project 5\debug\entity.obj
c:\users\daniel\desktop\game programming projects\project 5\debug\project 5.exe
c:\users\daniel\desktop\game programming projects\project 5\debug\project 5.ilk
c:\users\daniel\desktop\game programming projects\project 5\debug\project 5.pdb
c:\users\daniel\desktop\game programming projects\project 5\debug\project 5.tlog\cl.command.1.tlog
c:\users\daniel\desktop\game programming projects\project 5\debug\project 5.tlog\cl.read.1.tlog
c:\users\daniel\desktop\game programming projects\project 5\debug\project 5.tlog\cl.write.1.tlog
c:\users\daniel\desktop\game programming projects\project 5\debug\project 5.tlog\link.command.1.tlog
c:\users\daniel\desktop\game programming projects\project 5\debug\project 5.tlog\link.read.1.tlog
c:\users\daniel\desktop\game programming projects\project 5\debug\project 5.tlog\link.write.1.tlog
