c:\users\daniel\desktop\game programming projects\project 3\debug\vc142.pdb
c:\users\daniel\desktop\game programming projects\project 3\debug\vc142.idb
c:\users\daniel\desktop\game programming projects\project 3\debug\shaderprogram.obj
c:\users\daniel\desktop\game programming projects\project 3\debug\main.obj
c:\users\daniel\desktop\game programming projects\project 3\debug\main.obj.enc
c:\users\daniel\desktop\game programming projects\project 3\debug\project 1.ilk
c:\users\daniel\desktop\game programming projects\project 3\debug\project 2.ilk
c:\users\daniel\desktop\game programming projects\project 3\debug\sdlproject.ilk
c:\users\daniel\desktop\game programming projects\project 3\debug\project 1.pdb
c:\users\daniel\desktop\game programming projects\project 3\debug\project 2.pdb
c:\users\daniel\desktop\game programming projects\project 3\debug\project 3.pdb
c:\users\daniel\desktop\game programming projects\project 3\debug\sdlproject.pdb
c:\users\daniel\desktop\game programming projects\project 3\debug\project 3.tlog\cl.command.1.tlog
c:\users\daniel\desktop\game programming projects\project 3\debug\project 3.tlog\cl.read.1.tlog
c:\users\daniel\desktop\game programming projects\project 3\debug\project 3.tlog\cl.write.1.tlog
c:\users\daniel\desktop\game programming projects\project 3\debug\project 3.tlog\link-cvtres.read.1.tlog
c:\users\daniel\desktop\game programming projects\project 3\debug\project 3.tlog\link-cvtres.write.1.tlog
c:\users\daniel\desktop\game programming projects\project 3\debug\project 3.tlog\link-rc.read.1.tlog
c:\users\daniel\desktop\game programming projects\project 3\debug\project 3.tlog\link-rc.write.1.tlog
c:\users\daniel\desktop\game programming projects\project 3\debug\project 3.tlog\link.command.1.tlog
c:\users\daniel\desktop\game programming projects\project 3\debug\project 3.tlog\link.read.1.tlog
c:\users\daniel\desktop\game programming projects\project 3\debug\project 3.tlog\link.write.1.tlog
